Using pre-set license
Built from '2022.3/staging' branch; Version is '2022.3.44f1 (c3ae09b9f03c) revision 12824073'; Using compiler version '192829333'; Build Type 'Release'
OS: 'Windows 10  (10.0.19045) 64bit Core' Language: 'pt' Physical Memory: 8115 MB
BatchMode: 1, IsHumanControllingUs: 0, StartBugReporterOnCrash: 0, Is64bit: 1, IsPro: 1

COMMAND LINE ARGUMENTS:
D:\Daniel\2022.3.44f1\Editor\Unity.exe
-adb2
-batchMode
-noUpm
-name
AssetImportWorker0
-projectPath
D:/Daniel/Faculdade/Semestre4/TI4/RepGitHub/SunWukongRCC/SunWukong
-logFile
Logs/AssetImportWorker0.log
-srvPort
58462
Successfully changed project path to: D:/Daniel/Faculdade/Semestre4/TI4/RepGitHub/SunWukongRCC/SunWukong
D:/Daniel/Faculdade/Semestre4/TI4/RepGitHub/SunWukongRCC/SunWukong
[UnityMemory] Configuration Parameters - Can be set up in boot.config
    "memorysetup-bucket-allocator-granularity=16"
    "memorysetup-bucket-allocator-bucket-count=8"
    "memorysetup-bucket-allocator-block-size=33554432"
    "memorysetup-bucket-allocator-block-count=8"
    "memorysetup-main-allocator-block-size=16777216"
    "memorysetup-thread-allocator-block-size=16777216"
    "memorysetup-gfx-main-allocator-block-size=16777216"
    "memorysetup-gfx-thread-allocator-block-size=16777216"
    "memorysetup-cache-allocator-block-size=4194304"
    "memorysetup-typetree-allocator-block-size=2097152"
    "memorysetup-profiler-bucket-allocator-granularity=16"
    "memorysetup-profiler-bucket-allocator-bucket-count=8"
    "memorysetup-profiler-bucket-allocator-block-size=33554432"
    "memorysetup-profiler-bucket-allocator-block-count=8"
    "memorysetup-profiler-allocator-block-size=16777216"
    "memorysetup-profiler-editor-allocator-block-size=1048576"
    "memorysetup-temp-allocator-size-main=16777216"
    "memorysetup-job-temp-allocator-block-size=2097152"
    "memorysetup-job-temp-allocator-block-size-background=1048576"
    "memorysetup-job-temp-allocator-reduction-small-platforms=262144"
    "memorysetup-allocator-temp-initial-block-size-main=262144"
    "memorysetup-allocator-temp-initial-block-size-worker=262144"
    "memorysetup-temp-allocator-size-background-worker=32768"
    "memorysetup-temp-allocator-size-job-worker=262144"
    "memorysetup-temp-allocator-size-preload-manager=33554432"
    "memorysetup-temp-allocator-size-nav-mesh-worker=65536"
    "memorysetup-temp-allocator-size-audio-worker=65536"
    "memorysetup-temp-allocator-size-cloud-worker=32768"
    "memorysetup-temp-allocator-size-gi-baking-worker=262144"
    "memorysetup-temp-allocator-size-gfx=262144"
Player connection [85576]  Target information:

Player connection [85576]  * "[IP] 192.168.15.9 [Port] 0 [Flags] 2 [Guid] 3402508378 [EditorId] 3402508378 [Version] 1048832 [Id] WindowsEditor(7,Salgado) [Debug] 1 [PackageName] WindowsEditor [ProjectName] Editor" 

Player connection [85576]  * "[IP] 26.190.225.154 [Port] 0 [Flags] 2 [Guid] 3402508378 [EditorId] 3402508378 [Version] 1048832 [Id] WindowsEditor(7,Salgado) [Debug] 1 [PackageName] WindowsEditor [ProjectName] Editor" 

Player connection [85576] Host joined multi-casting on [225.0.0.222:54997]...
Player connection [85576] Host joined alternative multi-casting on [225.0.0.222:34997]...
[PhysX] Initialized MultithreadedTaskDispatcher with 12 workers.
Refreshing native plugins compatible for Editor in 119.04 ms, found 1 plugins.
Preloading 0 native plugins for Editor in 0.00 ms.
Initialize engine version: 2022.3.44f1 (c3ae09b9f03c)
[Subsystems] Discovering subsystems at path D:/Daniel/2022.3.44f1/Editor/Data/Resources/UnitySubsystems
[Subsystems] Discovering subsystems at path D:/Daniel/Faculdade/Semestre4/TI4/RepGitHub/SunWukongRCC/SunWukong/Assets
GfxDevice: creating device client; threaded=0; jobified=0
Direct3D:
    Version:  Direct3D 11.0 [level 11.1]
    Renderer: NVIDIA GeForce RTX 3060 (ID=0x2504)
    Vendor:   NVIDIA
    VRAM:     12115 MB
    Driver:   32.0.15.6094
Initialize mono
Mono path[0] = 'D:/Daniel/2022.3.44f1/Editor/Data/Managed'
Mono path[1] = 'D:/Daniel/2022.3.44f1/Editor/Data/MonoBleedingEdge/lib/mono/unityjit-win32'
Mono config path = 'D:/Daniel/2022.3.44f1/Editor/Data/MonoBleedingEdge/etc'
Using monoOptions --debugger-agent=transport=dt_socket,embedding=1,server=y,suspend=n,address=127.0.0.1:56004
Begin MonoManager ReloadAssembly
Registering precompiled unity dll's ...
Register platform support module: D:/Daniel/2022.3.44f1/Editor/Data/PlaybackEngines/WindowsStandaloneSupport/UnityEditor.WindowsStandalone.Extensions.dll
Registered in 0.017340 seconds.
- Loaded All Assemblies, in  0.446 seconds
Native extension for WindowsStandalone target not found
Mono: successfully reloaded assembly
- Finished resetting the current domain, in  0.231 seconds
Domain Reload Profiling: 672ms
	BeginReloadAssembly (175ms)
		ExecutionOrderSort (0ms)
		DisableScriptedObjects (0ms)
		BackupInstance (0ms)
		ReleaseScriptingObjects (0ms)
		CreateAndSetChildDomain (1ms)
	RebuildCommonClasses (65ms)
	RebuildNativeTypeToScriptingClass (9ms)
	initialDomainReloadingComplete (71ms)
	LoadAllAssembliesAndSetupDomain (121ms)
		LoadAssemblies (171ms)
		RebuildTransferFunctionScriptingTraits (0ms)
		AnalyzeDomain (119ms)
			TypeCache.Refresh (117ms)
				TypeCache.ScanAssembly (104ms)
			ScanForSourceGeneratedMonoScriptInfo (0ms)
			ResolveRequiredComponents (1ms)
	FinalizeReload (231ms)
		ReleaseScriptCaches (0ms)
		RebuildScriptCaches (0ms)
		SetupLoadedEditorAssemblies (192ms)
			LogAssemblyErrors (0ms)
			InitializePlatformSupportModulesInManaged (10ms)
			SetLoadedEditorAssemblies (7ms)
			RefreshPlugins (0ms)
			BeforeProcessingInitializeOnLoad (2ms)
			ProcessInitializeOnLoadAttributes (132ms)
			ProcessInitializeOnLoadMethodAttributes (42ms)
			AfterProcessingInitializeOnLoad (0ms)
			EditorAssembliesLoaded (0ms)
		ExecutionOrderSort2 (0ms)
		AwakeInstancesAfterBackupRestoration (0ms)
========================================================================
Worker process is ready to serve import requests
Caller must complete domain reload
Begin MonoManager ReloadAssembly
- Loaded All Assemblies, in  1.601 seconds
Native extension for WindowsStandalone target not found
Mono: successfully reloaded assembly
- Finished resetting the current domain, in  0.535 seconds
Domain Reload Profiling: 2127ms
	BeginReloadAssembly (342ms)
		ExecutionOrderSort (0ms)
		DisableScriptedObjects (4ms)
		BackupInstance (0ms)
		ReleaseScriptingObjects (0ms)
		CreateAndSetChildDomain (18ms)
	RebuildCommonClasses (28ms)
	RebuildNativeTypeToScriptingClass (9ms)
	initialDomainReloadingComplete (96ms)
	LoadAllAssembliesAndSetupDomain (1116ms)
		LoadAssemblies (1207ms)
		RebuildTransferFunctionScriptingTraits (0ms)
		AnalyzeDomain (199ms)
			TypeCache.Refresh (167ms)
				TypeCache.ScanAssembly (116ms)
			ScanForSourceGeneratedMonoScriptInfo (22ms)
			ResolveRequiredComponents (10ms)
	FinalizeReload (535ms)
		ReleaseScriptCaches (0ms)
		RebuildScriptCaches (0ms)
		SetupLoadedEditorAssemblies (420ms)
			LogAssemblyErrors (0ms)
			InitializePlatformSupportModulesInManaged (7ms)
			SetLoadedEditorAssemblies (4ms)
			RefreshPlugins (0ms)
			BeforeProcessingInitializeOnLoad (84ms)
			ProcessInitializeOnLoadAttributes (233ms)
			ProcessInitializeOnLoadMethodAttributes (78ms)
			AfterProcessingInitializeOnLoad (14ms)
			EditorAssembliesLoaded (0ms)
		ExecutionOrderSort2 (0ms)
		AwakeInstancesAfterBackupRestoration (5ms)
Launched and connected shader compiler UnityShaderCompiler.exe after 0.13 seconds
Refreshing native plugins compatible for Editor in 5.60 ms, found 1 plugins.
Preloading 0 native plugins for Editor in 0.00 ms.
Unloading 3580 Unused Serialized files (Serialized files now loaded: 0)
Unloading 36 unused Assets / (414.3 KB). Loaded Objects now: 4055.
Memory consumption went from 177.2 MB to 176.8 MB.
Total: 4.025000 ms (FindLiveObjects: 0.294000 ms CreateObjectMapping: 0.139900 ms MarkObjects: 3.208200 ms  DeleteObjects: 0.381200 ms)

AssetImportParameters requested are different than current active one (requested -> active):
  custom:container-demuxer-ogg: 62fdf1f143b41e24485cea50d1cbac27 -> 
  custom:video-decoder-ogg-theora: a1e56fd34408186e4bbccfd4996cb3dc -> 
  custom:framework-win-MediaFoundation: 216162199b28c13a410421893ffa2e32 -> 
  custom:scripting/monoscript/fileName/NewBehaviourScript.cs: b21687ddb03d73bd9f0c1daecb9714de -> 
  custom:CustomObjectIndexerAttribute: 72b91833f83ae208fae7752999fa3104 -> 
  custom:container-demuxer-webm: 4f35f7cbe854078d1ac9338744f61a02 -> 
  custom:container-muxer-webm: aa71ff27fc2769a1b78a27578f13a17b -> 
  custom:video-decoder-webm-vp8: 9c59270c3fd7afecdb556c50c9e8de78 -> 
  custom:SearchIndexIgnoredProperties: e643bd26f0fe6173181afceb89e7c659 -> 
  custom:AudioImporter_EditorPlatform: d09bf68614088b80899f8185d706f6e7 -> 
  custom:video-encoder-webm-vp8: eb34c28f22e8b96e1ab97ce403110664 -> 
  custom:audio-decoder-ogg-vorbis: bf7c407c2cedff20999df2af8eb42d56 -> 
  custom:audio-encoder-webm-vorbis: bf7c407c2cedff20999df2af8eb42d56 -> 
========================================================================
Received Import Request.
  Time since last request: 168545.189727 seconds.
  path: Assets/Prefabs/Mapa/Salas/Sorcery
  artifactKey: Guid(10b86ee575283d242ae877b297d9e26e) Importer(815301076,1909f56bfc062723c751e8b465ee728b)
Start importing Assets/Prefabs/Mapa/Salas/Sorcery using Guid(10b86ee575283d242ae877b297d9e26e) Importer(815301076,1909f56bfc062723c751e8b465ee728b) [PhysX] Initialized MultithreadedTaskDispatcher with 12 workers.
 -> (artifact id: '972196185163e978e065e89978e50c33') in 0.005502 seconds
Number of updated asset objects reloaded before import = 0
Number of asset objects unloaded after import = 0
========================================================================
Received Import Request.
  Time since last request: 0.436482 seconds.
  path: Assets/Prefabs/Mapa/Salas/Catacombs
  artifactKey: Guid(29d77d3999e59904586a3484cc95f8a4) Importer(815301076,1909f56bfc062723c751e8b465ee728b)
Start importing Assets/Prefabs/Mapa/Salas/Catacombs using Guid(29d77d3999e59904586a3484cc95f8a4) Importer(815301076,1909f56bfc062723c751e8b465ee728b) [PhysX] Initialized MultithreadedTaskDispatcher with 12 workers.
 -> (artifact id: '78f3c2efa08dd3cccc1fa28446fcc53d') in 0.000488 seconds
Number of updated asset objects reloaded before import = 0
Number of asset objects unloaded after import = 0
========================================================================
Received Import Request.
  Time since last request: 3.274306 seconds.
  path: Assets/Prefabs/Mapa/Salas/Catacombs/CorridorNS_Catacombs_2.prefab
  artifactKey: Guid(b6879172f266e564e92243de9b9684d3) Importer(815301076,1909f56bfc062723c751e8b465ee728b)
Start importing Assets/Prefabs/Mapa/Salas/Catacombs/CorridorNS_Catacombs_2.prefab using Guid(b6879172f266e564e92243de9b9684d3) Importer(815301076,1909f56bfc062723c751e8b465ee728b) [PhysX] Initialized MultithreadedTaskDispatcher with 12 workers.
[PhysX] Initialized MultithreadedTaskDispatcher with 12 workers.
 -> (artifact id: 'e611b447150fd4384377fcbc5cd6826c') in 0.460200 seconds
Number of updated asset objects reloaded before import = 0
Number of asset objects unloaded after import = 59
========================================================================
Received Import Request.
  Time since last request: 11.754974 seconds.
  path: Assets/Prefabs/Mapa/Salas/SalasIndividuais/CorredorLO.prefab
  artifactKey: Guid(ce286e205768cf841bea3adb76127071) Importer(815301076,1909f56bfc062723c751e8b465ee728b)
Start importing Assets/Prefabs/Mapa/Salas/SalasIndividuais/CorredorLO.prefab using Guid(ce286e205768cf841bea3adb76127071) Importer(815301076,1909f56bfc062723c751e8b465ee728b) [PhysX] Initialized MultithreadedTaskDispatcher with 12 workers.
[PhysX] Initialized MultithreadedTaskDispatcher with 12 workers.
 -> (artifact id: '57c5530bf3be86eb68c894389ce4c57b') in 0.062503 seconds
Number of updated asset objects reloaded before import = 0
Number of asset objects unloaded after import = 70
========================================================================
Received Import Request.
  Time since last request: 1.765281 seconds.
  path: Assets/Prefabs/Mapa/Salas/SalasIndividuais/CorredorNS.prefab
  artifactKey: Guid(53dcc70aaa5399e4aa2e338fb5972edf) Importer(815301076,1909f56bfc062723c751e8b465ee728b)
Start importing Assets/Prefabs/Mapa/Salas/SalasIndividuais/CorredorNS.prefab using Guid(53dcc70aaa5399e4aa2e338fb5972edf) Importer(815301076,1909f56bfc062723c751e8b465ee728b) [PhysX] Initialized MultithreadedTaskDispatcher with 12 workers.
[PhysX] Initialized MultithreadedTaskDispatcher with 12 workers.
 -> (artifact id: '5747abc4736d88ecd8706d3fea1e346e') in 0.062181 seconds
Number of updated asset objects reloaded before import = 0
Number of asset objects unloaded after import = 89
========================================================================
Received Import Request.
  Time since last request: 15.741525 seconds.
  path: Assets/Prefabs/Mapa/Salas/SalasIndividuais/SalaEntrada.prefab
  artifactKey: Guid(aa04f6b27c304c449b9941cf891f3a3d) Importer(815301076,1909f56bfc062723c751e8b465ee728b)
Start importing Assets/Prefabs/Mapa/Salas/SalasIndividuais/SalaEntrada.prefab using Guid(aa04f6b27c304c449b9941cf891f3a3d) Importer(815301076,1909f56bfc062723c751e8b465ee728b) [PhysX] Initialized MultithreadedTaskDispatcher with 12 workers.
[PhysX] Initialized MultithreadedTaskDispatcher with 12 workers.
 -> (artifact id: '40e1dc71a49bf0bc7943c0eec8897693') in 0.148412 seconds
Number of updated asset objects reloaded before import = 0
Number of asset objects unloaded after import = 224
========================================================================
Received Import Request.
  Time since last request: 13.793738 seconds.
  path: Assets/Prefabs/Mapa/Salas/SalasIndividuais/SalaMenor.prefab
  artifactKey: Guid(5381d12b7df2f624a95d995a55ec7436) Importer(815301076,1909f56bfc062723c751e8b465ee728b)
Start importing Assets/Prefabs/Mapa/Salas/SalasIndividuais/SalaMenor.prefab using Guid(5381d12b7df2f624a95d995a55ec7436) Importer(815301076,1909f56bfc062723c751e8b465ee728b) [PhysX] Initialized MultithreadedTaskDispatcher with 12 workers.
[PhysX] Initialized MultithreadedTaskDispatcher with 12 workers.
 -> (artifact id: '680f2c3131bb0e102dd2cc61c4c173d9') in 0.075518 seconds
Number of updated asset objects reloaded before import = 0
Number of asset objects unloaded after import = 139
========================================================================
Received Prepare
Caller must complete domain reload
Begin MonoManager ReloadAssembly
- Loaded All Assemblies, in  9.596 seconds
Native extension for WindowsStandalone target not found
Mono: successfully reloaded assembly
- Finished resetting the current domain, in  0.574 seconds
Domain Reload Profiling: 10162ms
	BeginReloadAssembly (8169ms)
		ExecutionOrderSort (0ms)
		DisableScriptedObjects (7622ms)
		BackupInstance (0ms)
		ReleaseScriptingObjects (1ms)
		CreateAndSetChildDomain (99ms)
	RebuildCommonClasses (282ms)
	RebuildNativeTypeToScriptingClass (8ms)
	initialDomainReloadingComplete (36ms)
	LoadAllAssembliesAndSetupDomain (1092ms)
		LoadAssemblies (1368ms)
		RebuildTransferFunctionScriptingTraits (0ms)
		AnalyzeDomain (122ms)
			TypeCache.Refresh (53ms)
				TypeCache.ScanAssembly (0ms)
			ScanForSourceGeneratedMonoScriptInfo (61ms)
			ResolveRequiredComponents (8ms)
	FinalizeReload (574ms)
		ReleaseScriptCaches (0ms)
		RebuildScriptCaches (0ms)
		SetupLoadedEditorAssemblies (393ms)
			LogAssemblyErrors (0ms)
			InitializePlatformSupportModulesInManaged (10ms)
			SetLoadedEditorAssemblies (3ms)
			RefreshPlugins (0ms)
			BeforeProcessingInitializeOnLoad (88ms)
			ProcessInitializeOnLoadAttributes (167ms)
			ProcessInitializeOnLoadMethodAttributes (109ms)
			AfterProcessingInitializeOnLoad (15ms)
			EditorAssembliesLoaded (0ms)
		ExecutionOrderSort2 (0ms)
		AwakeInstancesAfterBackupRestoration (15ms)
Refreshing native plugins compatible for Editor in 4.10 ms, found 1 plugins.
Preloading 0 native plugins for Editor in 0.00 ms.
Unloading 3411 Unused Serialized files (Serialized files now loaded: 0)
Unloading 12 unused Assets / (383.1 KB). Loaded Objects now: 4272.
Memory consumption went from 152.3 MB to 151.9 MB.
Total: 3.514000 ms (FindLiveObjects: 0.320700 ms CreateObjectMapping: 0.108600 ms MarkObjects: 2.949900 ms  DeleteObjects: 0.134100 ms)

Prepare: number of updated asset objects reloaded= 0
AssetImportParameters requested are different than current active one (requested -> active):
  custom:container-demuxer-ogg: 62fdf1f143b41e24485cea50d1cbac27 -> 
  custom:video-decoder-ogg-theora: a1e56fd34408186e4bbccfd4996cb3dc -> 
  custom:framework-win-MediaFoundation: 216162199b28c13a410421893ffa2e32 -> 
  custom:scripting/monoscript/fileName/NewBehaviourScript.cs: b21687ddb03d73bd9f0c1daecb9714de -> 
  custom:CustomObjectIndexerAttribute: 72b91833f83ae208fae7752999fa3104 -> 
  custom:container-demuxer-webm: 4f35f7cbe854078d1ac9338744f61a02 -> 
  custom:container-muxer-webm: aa71ff27fc2769a1b78a27578f13a17b -> 
  custom:video-decoder-webm-vp8: 9c59270c3fd7afecdb556c50c9e8de78 -> 
  custom:SearchIndexIgnoredProperties: e643bd26f0fe6173181afceb89e7c659 -> 
  custom:AudioImporter_EditorPlatform: d09bf68614088b80899f8185d706f6e7 -> 
  custom:video-encoder-webm-vp8: eb34c28f22e8b96e1ab97ce403110664 -> 
  custom:audio-decoder-ogg-vorbis: bf7c407c2cedff20999df2af8eb42d56 -> 
  custom:audio-encoder-webm-vorbis: bf7c407c2cedff20999df2af8eb42d56 -> 
========================================================================
Received Import Request.
  Time since last request: 2185.648626 seconds.
  path: Assets/ScriptableObjectsAssets/Mapa
  artifactKey: Guid(6df4d52c6682b874bbcd6ab307fded2b) Importer(815301076,1909f56bfc062723c751e8b465ee728b)
Start importing Assets/ScriptableObjectsAssets/Mapa using Guid(6df4d52c6682b874bbcd6ab307fded2b) Importer(815301076,1909f56bfc062723c751e8b465ee728b) [PhysX] Initialized MultithreadedTaskDispatcher with 12 workers.
 -> (artifact id: '027d21d1552b61afcd3505668f07af05') in 0.023076 seconds
Number of updated asset objects reloaded before import = 0
Number of asset objects unloaded after import = 0
========================================================================
Received Import Request.
  Time since last request: 10.304482 seconds.
  path: Assets/ScriptableObjectsAssets/Mapa/Niveis
  artifactKey: Guid(597534cc5a17d4e41ae12372f870bb0a) Importer(815301076,1909f56bfc062723c751e8b465ee728b)
Start importing Assets/ScriptableObjectsAssets/Mapa/Niveis using Guid(597534cc5a17d4e41ae12372f870bb0a) Importer(815301076,1909f56bfc062723c751e8b465ee728b) [PhysX] Initialized MultithreadedTaskDispatcher with 12 workers.
 -> (artifact id: '350979ecc53c2d86ce4a48d23bb29412') in 0.000655 seconds
Number of updated asset objects reloaded before import = 0
Number of asset objects unloaded after import = 0
========================================================================
Received Import Request.
  Time since last request: 10.837402 seconds.
  path: Assets/ScriptableObjectsAssets/Mapa/Niveis/NivelDoMapa_1.asset
  artifactKey: Guid(f24c0e072c09cb5418fe80174519bf2f) Importer(815301076,1909f56bfc062723c751e8b465ee728b)
Start importing Assets/ScriptableObjectsAssets/Mapa/Niveis/NivelDoMapa_1.asset using Guid(f24c0e072c09cb5418fe80174519bf2f) Importer(815301076,1909f56bfc062723c751e8b465ee728b) [PhysX] Initialized MultithreadedTaskDispatcher with 12 workers.
nomeNivel tá vazio, precisa de um objeto NivelDoMapa_1
UnityEngine.StackTraceUtility:ExtractStackTrace ()
UnityEngine.DebugLogHandler:LogFormat (UnityEngine.LogType,UnityEngine.Object,string,object[])
UnityEngine.Logger:Log (UnityEngine.LogType,object)
UnityEngine.Debug:Log (object)
HelperUtilities:ValidateCheckEmptyString (UnityEngine.Object,string,string) (at Assets/Scripts/Utilidades/HelperUtilities.cs:10)
NivelMapaSO:OnValidate () (at Assets/Scripts/Mapa/NivelMapaSO.cs:27)

(Filename: Assets/Scripts/Utilidades/HelperUtilities.cs Line: 10)

roomTemplateList não tem valor no objeto NivelDoMapa_1
UnityEngine.StackTraceUtility:ExtractStackTrace ()
UnityEngine.DebugLogHandler:LogFormat (UnityEngine.LogType,UnityEngine.Object,string,object[])
UnityEngine.Logger:Log (UnityEngine.LogType,object)
UnityEngine.Debug:Log (object)
HelperUtilities:ValidateCheckEnumerableValues (UnityEngine.Object,string,System.Collections.IEnumerable) (at Assets/Scripts/Utilidades/HelperUtilities.cs:38)
NivelMapaSO:OnValidate () (at Assets/Scripts/Mapa/NivelMapaSO.cs:28)

(Filename: Assets/Scripts/Utilidades/HelperUtilities.cs Line: 38)

 -> (artifact id: '8d603d7fde67d1a1af1e04b507383c70') in 0.012261 seconds
Number of updated asset objects reloaded before import = 0
Number of asset objects unloaded after import = 1
========================================================================
Received Import Request.
  Time since last request: 101.441634 seconds.
  path: Assets/ScriptableObjectsAssets/Mapa/MapaRoomNodeGraphs
  artifactKey: Guid(524b93179f7e83c4f88ed6537234b910) Importer(815301076,1909f56bfc062723c751e8b465ee728b)
Start importing Assets/ScriptableObjectsAssets/Mapa/MapaRoomNodeGraphs using Guid(524b93179f7e83c4f88ed6537234b910) Importer(815301076,1909f56bfc062723c751e8b465ee728b) [PhysX] Initialized MultithreadedTaskDispatcher with 12 workers.
 -> (artifact id: '32f1717b8c6885ac3a4758598cad1121') in 0.001082 seconds
Number of updated asset objects reloaded before import = 0
Number of asset objects unloaded after import = 0
========================================================================
Received Import Request.
  Time since last request: 18.147424 seconds.
  path: Assets/ScriptableObjectsAssets/Mapa/MapaRoomNodeGraphs/Mapa1/RoomNodeGraph_Mapa1.asset
  artifactKey: Guid(5d244a4d220f2ab40b849984abaeedee) Importer(815301076,1909f56bfc062723c751e8b465ee728b)
Start importing Assets/ScriptableObjectsAssets/Mapa/MapaRoomNodeGraphs/Mapa1/RoomNodeGraph_Mapa1.asset using Guid(5d244a4d220f2ab40b849984abaeedee) Importer(815301076,1909f56bfc062723c751e8b465ee728b) [PhysX] Initialized MultithreadedTaskDispatcher with 12 workers.
 -> (artifact id: 'bbed7b4f43cd3dfa88af6185727a6a6a') in 0.007856 seconds
Number of updated asset objects reloaded before import = 0
Number of asset objects unloaded after import = 37
========================================================================
Received Import Request.
  Time since last request: 65.927910 seconds.
  path: Assets/Prefabs/Mapa/Salas/Catacombs/Entrance_Catacombs_1.prefab
  artifactKey: Guid(98aec9cd5174b2042a2251f87cc1ef79) Importer(815301076,1909f56bfc062723c751e8b465ee728b)
Start importing Assets/Prefabs/Mapa/Salas/Catacombs/Entrance_Catacombs_1.prefab using Guid(98aec9cd5174b2042a2251f87cc1ef79) Importer(815301076,1909f56bfc062723c751e8b465ee728b) [PhysX] Initialized MultithreadedTaskDispatcher with 12 workers.
[PhysX] Initialized MultithreadedTaskDispatcher with 12 workers.
 -> (artifact id: '1859f2faff6f9aef2478d4bf689164dd') in 0.245333 seconds
Number of updated asset objects reloaded before import = 0
Number of asset objects unloaded after import = 59
========================================================================
Received Import Request.
  Time since last request: 27.897016 seconds.
  path: Assets/Scenes/MenuPrincipal.unity
  artifactKey: Guid(09034c60e95b30c4cb0d835069aaf607) Importer(815301076,1909f56bfc062723c751e8b465ee728b)
Start importing Assets/Scenes/MenuPrincipal.unity using Guid(09034c60e95b30c4cb0d835069aaf607) Importer(815301076,1909f56bfc062723c751e8b465ee728b) [PhysX] Initialized MultithreadedTaskDispatcher with 12 workers.
 -> (artifact id: '0d967806849f99de88454db3e34892ec') in 0.000608 seconds
Number of updated asset objects reloaded before import = 0
Number of asset objects unloaded after import = 0
========================================================================
Received Import Request.
  Time since last request: 161.959186 seconds.
  path: Assets/Prefabs/Mapa/Salas/SalasIndividuais
  artifactKey: Guid(530fe7a50bf5b74498f019b2297e2a88) Importer(815301076,1909f56bfc062723c751e8b465ee728b)
Start importing Assets/Prefabs/Mapa/Salas/SalasIndividuais using Guid(530fe7a50bf5b74498f019b2297e2a88) Importer(815301076,1909f56bfc062723c751e8b465ee728b) [PhysX] Initialized MultithreadedTaskDispatcher with 12 workers.
 -> (artifact id: '997e04c4ab29489a197e0d80a6aae706') in 0.000609 seconds
Number of updated asset objects reloaded before import = 0
Number of asset objects unloaded after import = 0
========================================================================
Received Import Request.
  Time since last request: 10.769471 seconds.
  path: Assets/ScriptableObjectsAssets/Mapa/Salas
  artifactKey: Guid(6b4cd8497ec8f8547b213cd5226d21c2) Importer(815301076,1909f56bfc062723c751e8b465ee728b)
Start importing Assets/ScriptableObjectsAssets/Mapa/Salas using Guid(6b4cd8497ec8f8547b213cd5226d21c2) Importer(815301076,1909f56bfc062723c751e8b465ee728b) [PhysX] Initialized MultithreadedTaskDispatcher with 12 workers.
 -> (artifact id: 'cdf19eb583e2b4933a14ee3d3227b327') in 0.000527 seconds
Number of updated asset objects reloaded before import = 0
Number of asset objects unloaded after import = 0
========================================================================
Received Import Request.
  Time since last request: 0.937642 seconds.
  path: Assets/ScriptableObjectsAssets/Mapa/Salas/Catacombs
  artifactKey: Guid(29564cc71d985214d849b70580088bbb) Importer(815301076,1909f56bfc062723c751e8b465ee728b)
Start importing Assets/ScriptableObjectsAssets/Mapa/Salas/Catacombs using Guid(29564cc71d985214d849b70580088bbb) Importer(815301076,1909f56bfc062723c751e8b465ee728b) [PhysX] Initialized MultithreadedTaskDispatcher with 12 workers.
 -> (artifact id: '1270a3175dfd1a96e639b898e64e06fc') in 0.000601 seconds
Number of updated asset objects reloaded before import = 0
Number of asset objects unloaded after import = 0
========================================================================
Received Import Request.
  Time since last request: 2.957270 seconds.
  path: Assets/ScriptableObjectsAssets/Mapa/Salas/SalasIndividuais/Sala_CorredorLO.asset
  artifactKey: Guid(0d4d780b2f6431d4b899c9d8f6dd75f1) Importer(815301076,1909f56bfc062723c751e8b465ee728b)
Start importing Assets/ScriptableObjectsAssets/Mapa/Salas/SalasIndividuais/Sala_CorredorLO.asset using Guid(0d4d780b2f6431d4b899c9d8f6dd75f1) Importer(815301076,1909f56bfc062723c751e8b465ee728b) [PhysX] Initialized MultithreadedTaskDispatcher with 12 workers.
 -> (artifact id: 'c9c2cf94751a0f5e831f339b93df7865') in 0.002844 seconds
Number of updated asset objects reloaded before import = 0
Number of asset objects unloaded after import = 38
========================================================================
Received Import Request.
  Time since last request: 0.619787 seconds.
  path: Assets/ScriptableObjectsAssets/Mapa/Salas/SalasIndividuais/Sala_Entrada.asset
  artifactKey: Guid(86c5d5d72eb32584b8b40951887fbeba) Importer(815301076,1909f56bfc062723c751e8b465ee728b)
Start importing Assets/ScriptableObjectsAssets/Mapa/Salas/SalasIndividuais/Sala_Entrada.asset using Guid(86c5d5d72eb32584b8b40951887fbeba) Importer(815301076,1909f56bfc062723c751e8b465ee728b) [PhysX] Initialized MultithreadedTaskDispatcher with 12 workers.
 -> (artifact id: 'bede8282696ad88187f4d3d99d83c8e5') in 0.002685 seconds
Number of updated asset objects reloaded before import = 0
Number of asset objects unloaded after import = 38
========================================================================
Received Import Request.
  Time since last request: 377.509643 seconds.
  path: Assets/Prefabs/Mapa/Salas/SalasIndividuais/SalaMenor 1.prefab
  artifactKey: Guid(f0257c6a0eb44874f95e24306e4657a7) Importer(815301076,1909f56bfc062723c751e8b465ee728b)
Start importing Assets/Prefabs/Mapa/Salas/SalasIndividuais/SalaMenor 1.prefab using Guid(f0257c6a0eb44874f95e24306e4657a7) Importer(815301076,1909f56bfc062723c751e8b465ee728b) [PhysX] Initialized MultithreadedTaskDispatcher with 12 workers.
[PhysX] Initialized MultithreadedTaskDispatcher with 12 workers.
 -> (artifact id: '6d8f6d662c220fd05f74d082a59c7a71') in 0.151933 seconds
Number of updated asset objects reloaded before import = 0
Number of asset objects unloaded after import = 139
========================================================================
Received Import Request.
  Time since last request: 0.675274 seconds.
  path: Assets/Prefabs/Mapa/Salas/SalasIndividuais/SalaMenor 2.prefab
  artifactKey: Guid(c7cc11c17758fad4c9b31f8425a7f451) Importer(815301076,1909f56bfc062723c751e8b465ee728b)
Start importing Assets/Prefabs/Mapa/Salas/SalasIndividuais/SalaMenor 2.prefab using Guid(c7cc11c17758fad4c9b31f8425a7f451) Importer(815301076,1909f56bfc062723c751e8b465ee728b) [PhysX] Initialized MultithreadedTaskDispatcher with 12 workers.
[PhysX] Initialized MultithreadedTaskDispatcher with 12 workers.
 -> (artifact id: '2567fd605ff0a04bf54f1cf1b7e64f49') in 0.055229 seconds
Number of updated asset objects reloaded before import = 0
Number of asset objects unloaded after import = 139
========================================================================
Received Import Request.
  Time since last request: 0.668154 seconds.
  path: Assets/Prefabs/Mapa/Salas/SalasIndividuais/SalaMenor 3.prefab
  artifactKey: Guid(88f95b8e0e358ed4d9def3e84a3fa927) Importer(815301076,1909f56bfc062723c751e8b465ee728b)
Start importing Assets/Prefabs/Mapa/Salas/SalasIndividuais/SalaMenor 3.prefab using Guid(88f95b8e0e358ed4d9def3e84a3fa927) Importer(815301076,1909f56bfc062723c751e8b465ee728b) [PhysX] Initialized MultithreadedTaskDispatcher with 12 workers.
[PhysX] Initialized MultithreadedTaskDispatcher with 12 workers.
 -> (artifact id: 'a9fee66f82e94ff9d0b8fa7cf0a042da') in 0.053893 seconds
Number of updated asset objects reloaded before import = 0
Number of asset objects unloaded after import = 139
========================================================================
Received Import Request.
  Time since last request: 23.880710 seconds.
  path: Assets/Prefabs/Mapa/Salas/SalasIndividuais/SalaBoss.prefab
  artifactKey: Guid(88f95b8e0e358ed4d9def3e84a3fa927) Importer(815301076,1909f56bfc062723c751e8b465ee728b)
Start importing Assets/Prefabs/Mapa/Salas/SalasIndividuais/SalaBoss.prefab using Guid(88f95b8e0e358ed4d9def3e84a3fa927) Importer(815301076,1909f56bfc062723c751e8b465ee728b) [PhysX] Initialized MultithreadedTaskDispatcher with 12 workers.
[PhysX] Initialized MultithreadedTaskDispatcher with 12 workers.
 -> (artifact id: '92582fb33fd31538f1d99b62eca17201') in 0.071394 seconds
Number of updated asset objects reloaded before import = 0
Number of asset objects unloaded after import = 139
========================================================================
Received Import Request.
  Time since last request: 0.442546 seconds.
  path: Assets/Prefabs/Mapa/Salas/SalasIndividuais/SalaBoss 1.prefab
  artifactKey: Guid(3ab73c7c88e777b4ea53b3b564b7fcf4) Importer(815301076,1909f56bfc062723c751e8b465ee728b)
Start importing Assets/Prefabs/Mapa/Salas/SalasIndividuais/SalaBoss 1.prefab using Guid(3ab73c7c88e777b4ea53b3b564b7fcf4) Importer(815301076,1909f56bfc062723c751e8b465ee728b) [PhysX] Initialized MultithreadedTaskDispatcher with 12 workers.
[PhysX] Initialized MultithreadedTaskDispatcher with 12 workers.
 -> (artifact id: '8c87dec831622a35c37100414b495ad3') in 0.050081 seconds
Number of updated asset objects reloaded before import = 0
Number of asset objects unloaded after import = 139
========================================================================
Received Import Request.
  Time since last request: 4.176855 seconds.
  path: Assets/Prefabs/Mapa/Salas/SalasIndividuais/SalaBau.prefab
  artifactKey: Guid(3ab73c7c88e777b4ea53b3b564b7fcf4) Importer(815301076,1909f56bfc062723c751e8b465ee728b)
Start importing Assets/Prefabs/Mapa/Salas/SalasIndividuais/SalaBau.prefab using Guid(3ab73c7c88e777b4ea53b3b564b7fcf4) Importer(815301076,1909f56bfc062723c751e8b465ee728b) [PhysX] Initialized MultithreadedTaskDispatcher with 12 workers.
[PhysX] Initialized MultithreadedTaskDispatcher with 12 workers.
 -> (artifact id: '1ae3c7e8b8b063fc926106ae7ec4da9f') in 0.052258 seconds
Number of updated asset objects reloaded before import = 0
Number of asset objects unloaded after import = 139
========================================================================
Received Import Request.
  Time since last request: 8.090118 seconds.
  path: Assets/ScriptableObjectsAssets/Mapa/Salas/SalasIndividuais/Sala_Menor.asset
  artifactKey: Guid(7e3cd1e26d496424f9a3f660e731b7e8) Importer(815301076,1909f56bfc062723c751e8b465ee728b)
Start importing Assets/ScriptableObjectsAssets/Mapa/Salas/SalasIndividuais/Sala_Menor.asset using Guid(7e3cd1e26d496424f9a3f660e731b7e8) Importer(815301076,1909f56bfc062723c751e8b465ee728b) [PhysX] Initialized MultithreadedTaskDispatcher with 12 workers.
 -> (artifact id: '7db639d360ac9ffa150b91cc89c2aa53') in 0.004070 seconds
Number of updated asset objects reloaded before import = 0
Number of asset objects unloaded after import = 38
========================================================================
Received Import Request.
  Time since last request: 4.046528 seconds.
  path: Assets/ScriptableObjectsAssets/Mapa/Salas/SalasIndividuais/Sala_Menor 1.asset
  artifactKey: Guid(9ca3d893248b5d84cbcf3fa02c8d6846) Importer(815301076,1909f56bfc062723c751e8b465ee728b)
Start importing Assets/ScriptableObjectsAssets/Mapa/Salas/SalasIndividuais/Sala_Menor 1.asset using Guid(9ca3d893248b5d84cbcf3fa02c8d6846) Importer(815301076,1909f56bfc062723c751e8b465ee728b) [PhysX] Initialized MultithreadedTaskDispatcher with 12 workers.
 -> (artifact id: 'aad95c7d8d3b80985e3dd2fa09e87d2e') in 0.003511 seconds
Number of updated asset objects reloaded before import = 0
Number of asset objects unloaded after import = 38
========================================================================
Received Import Request.
  Time since last request: 0.802784 seconds.
  path: Assets/ScriptableObjectsAssets/Mapa/Salas/SalasIndividuais/Sala_Menor 2.asset
  artifactKey: Guid(f5ea10cce7d6755498ac34e9e78ac49e) Importer(815301076,1909f56bfc062723c751e8b465ee728b)
Start importing Assets/ScriptableObjectsAssets/Mapa/Salas/SalasIndividuais/Sala_Menor 2.asset using Guid(f5ea10cce7d6755498ac34e9e78ac49e) Importer(815301076,1909f56bfc062723c751e8b465ee728b) [PhysX] Initialized MultithreadedTaskDispatcher with 12 workers.
 -> (artifact id: 'c65e3f2aa4ae706fbd472ba92fe4b5ad') in 0.003290 seconds
Number of updated asset objects reloaded before import = 0
Number of asset objects unloaded after import = 38
========================================================================
Received Import Request.
  Time since last request: 0.700855 seconds.
  path: Assets/ScriptableObjectsAssets/Mapa/Salas/SalasIndividuais/Sala_Menor 3.asset
  artifactKey: Guid(d414a77a10151e540ab95a045563eb29) Importer(815301076,1909f56bfc062723c751e8b465ee728b)
Start importing Assets/ScriptableObjectsAssets/Mapa/Salas/SalasIndividuais/Sala_Menor 3.asset using Guid(d414a77a10151e540ab95a045563eb29) Importer(815301076,1909f56bfc062723c751e8b465ee728b) [PhysX] Initialized MultithreadedTaskDispatcher with 12 workers.
 -> (artifact id: 'd7003a564ed8e361413dd0bdaaeb44b5') in 0.003254 seconds
Number of updated asset objects reloaded before import = 0
Number of asset objects unloaded after import = 38
========================================================================
Received Import Request.
  Time since last request: 0.810952 seconds.
  path: Assets/ScriptableObjectsAssets/Mapa/Salas/SalasIndividuais/Sala_Menor 4.asset
  artifactKey: Guid(9c593f0fdf002224292620822f276b16) Importer(815301076,1909f56bfc062723c751e8b465ee728b)
Start importing Assets/ScriptableObjectsAssets/Mapa/Salas/SalasIndividuais/Sala_Menor 4.asset using Guid(9c593f0fdf002224292620822f276b16) Importer(815301076,1909f56bfc062723c751e8b465ee728b) [PhysX] Initialized MultithreadedTaskDispatcher with 12 workers.
 -> (artifact id: '63f7a5e2be08c86ff8230002a5a36ee5') in 0.003741 seconds
Number of updated asset objects reloaded before import = 0
Number of asset objects unloaded after import = 38
========================================================================
Received Import Request.
  Time since last request: 0.300317 seconds.
  path: Assets/ScriptableObjectsAssets/Mapa/Salas/SalasIndividuais/Sala_Menor 5.asset
  artifactKey: Guid(3fe40ee0f2409b9409b70197f66b92c1) Importer(815301076,1909f56bfc062723c751e8b465ee728b)
Start importing Assets/ScriptableObjectsAssets/Mapa/Salas/SalasIndividuais/Sala_Menor 5.asset using Guid(3fe40ee0f2409b9409b70197f66b92c1) Importer(815301076,1909f56bfc062723c751e8b465ee728b) [PhysX] Initialized MultithreadedTaskDispatcher with 12 workers.
 -> (artifact id: '3b2c8fee778a459dfee5c72e1540e491') in 0.003256 seconds
Number of updated asset objects reloaded before import = 0
Number of asset objects unloaded after import = 38
========================================================================
Received Import Request.
  Time since last request: 29.957371 seconds.
  path: Assets/ScriptableObjectsAssets/Mapa/Salas/SalasIndividuais/Sala_Maior.asset
  artifactKey: Guid(d414a77a10151e540ab95a045563eb29) Importer(815301076,1909f56bfc062723c751e8b465ee728b)
Start importing Assets/ScriptableObjectsAssets/Mapa/Salas/SalasIndividuais/Sala_Maior.asset using Guid(d414a77a10151e540ab95a045563eb29) Importer(815301076,1909f56bfc062723c751e8b465ee728b) [PhysX] Initialized MultithreadedTaskDispatcher with 12 workers.
 -> (artifact id: 'b53a61bade455c44e6e9e79f894ea632') in 0.003227 seconds
Number of updated asset objects reloaded before import = 0
Number of asset objects unloaded after import = 38
========================================================================
Received Import Request.
  Time since last request: 5.609900 seconds.
  path: Assets/ScriptableObjectsAssets/Mapa/Salas/SalasIndividuais/Sala_Boss.asset
  artifactKey: Guid(9c593f0fdf002224292620822f276b16) Importer(815301076,1909f56bfc062723c751e8b465ee728b)
Start importing Assets/ScriptableObjectsAssets/Mapa/Salas/SalasIndividuais/Sala_Boss.asset using Guid(9c593f0fdf002224292620822f276b16) Importer(815301076,1909f56bfc062723c751e8b465ee728b) [PhysX] Initialized MultithreadedTaskDispatcher with 12 workers.
 -> (artifact id: 'badde5df27909702e2f57fac0e1b7c6c') in 0.002972 seconds
Number of updated asset objects reloaded before import = 0
Number of asset objects unloaded after import = 38
========================================================================
Received Import Request.
  Time since last request: 4.349008 seconds.
  path: Assets/Prefabs/Mapa/Salas/SalasIndividuais/SalaMaior.prefab
  artifactKey: Guid(c7cc11c17758fad4c9b31f8425a7f451) Importer(815301076,1909f56bfc062723c751e8b465ee728b)
Start importing Assets/Prefabs/Mapa/Salas/SalasIndividuais/SalaMaior.prefab using Guid(c7cc11c17758fad4c9b31f8425a7f451) Importer(815301076,1909f56bfc062723c751e8b465ee728b) [PhysX] Initialized MultithreadedTaskDispatcher with 12 workers.
[PhysX] Initialized MultithreadedTaskDispatcher with 12 workers.
 -> (artifact id: '4dda2925623bf0b49f448eddecf895d6') in 0.062852 seconds
Number of updated asset objects reloaded before import = 0
Number of asset objects unloaded after import = 139
========================================================================
Received Import Request.
  Time since last request: 0.353348 seconds.
  path: Assets/Prefabs/Mapa/Salas/SalasIndividuais/SalaMedia.prefab
  artifactKey: Guid(f0257c6a0eb44874f95e24306e4657a7) Importer(815301076,1909f56bfc062723c751e8b465ee728b)
Start importing Assets/Prefabs/Mapa/Salas/SalasIndividuais/SalaMedia.prefab using Guid(f0257c6a0eb44874f95e24306e4657a7) Importer(815301076,1909f56bfc062723c751e8b465ee728b) [PhysX] Initialized MultithreadedTaskDispatcher with 12 workers.
[PhysX] Initialized MultithreadedTaskDispatcher with 12 workers.
 -> (artifact id: 'fc223114295d277532e87979d2e63edc') in 0.055521 seconds
Number of updated asset objects reloaded before import = 0
Number of asset objects unloaded after import = 139
========================================================================
Received Import Request.
  Time since last request: 1.539954 seconds.
  path: Assets/ScriptableObjectsAssets/Mapa/Salas/SalasIndividuais/Sala_Bau.asset
  artifactKey: Guid(f5ea10cce7d6755498ac34e9e78ac49e) Importer(815301076,1909f56bfc062723c751e8b465ee728b)
Start importing Assets/ScriptableObjectsAssets/Mapa/Salas/SalasIndividuais/Sala_Bau.asset using Guid(f5ea10cce7d6755498ac34e9e78ac49e) Importer(815301076,1909f56bfc062723c751e8b465ee728b) [PhysX] Initialized MultithreadedTaskDispatcher with 12 workers.
 -> (artifact id: '228d17f168ff0886d3ce458dcc94b122') in 0.003351 seconds
Number of updated asset objects reloaded before import = 0
Number of asset objects unloaded after import = 38
========================================================================
Received Import Request.
  Time since last request: 1.789398 seconds.
  path: Assets/ScriptableObjectsAssets/Mapa/Salas/SalasIndividuais/Sala_CorredorNS.asset
  artifactKey: Guid(7c3bdeb7d8a46d64cb0f4f3562f54d6f) Importer(815301076,1909f56bfc062723c751e8b465ee728b)
Start importing Assets/ScriptableObjectsAssets/Mapa/Salas/SalasIndividuais/Sala_CorredorNS.asset using Guid(7c3bdeb7d8a46d64cb0f4f3562f54d6f) Importer(815301076,1909f56bfc062723c751e8b465ee728b) [PhysX] Initialized MultithreadedTaskDispatcher with 12 workers.
 -> (artifact id: '66d285a32ff38b249024a94aa2432c71') in 0.002253 seconds
Number of updated asset objects reloaded before import = 0
Number of asset objects unloaded after import = 38
========================================================================
Received Import Request.
  Time since last request: 1.639222 seconds.
  path: Assets/ScriptableObjectsAssets/Mapa/Salas/SalasIndividuais/Sala_Media.asset
  artifactKey: Guid(9ca3d893248b5d84cbcf3fa02c8d6846) Importer(815301076,1909f56bfc062723c751e8b465ee728b)
Start importing Assets/ScriptableObjectsAssets/Mapa/Salas/SalasIndividuais/Sala_Media.asset using Guid(9ca3d893248b5d84cbcf3fa02c8d6846) Importer(815301076,1909f56bfc062723c751e8b465ee728b) [PhysX] Initialized MultithreadedTaskDispatcher with 12 workers.
 -> (artifact id: 'b1e497ef96bdec22241879c3a53cef36') in 0.003318 seconds
Number of updated asset objects reloaded before import = 0
Number of asset objects unloaded after import = 38
========================================================================
Received Import Request.
  Time since last request: 79.917223 seconds.
  path: Assets/ScriptableObjectsAssets/Mapa/Niveis/NivelDoMapa_1.asset
  artifactKey: Guid(f24c0e072c09cb5418fe80174519bf2f) Importer(815301076,1909f56bfc062723c751e8b465ee728b)
Start importing Assets/ScriptableObjectsAssets/Mapa/Niveis/NivelDoMapa_1.asset using Guid(f24c0e072c09cb5418fe80174519bf2f) Importer(815301076,1909f56bfc062723c751e8b465ee728b) [PhysX] Initialized MultithreadedTaskDispatcher with 12 workers.
No NivelDoMapa_1 : Sem modelo de sala NodeTipoSala_SalaMedia encontrado para os nós dos grafos RoomNodeGraph_Mapa1
UnityEngine.StackTraceUtility:ExtractStackTrace ()
UnityEngine.DebugLogHandler:LogFormat (UnityEngine.LogType,UnityEngine.Object,string,object[])
UnityEngine.Logger:Log (UnityEngine.LogType,object)
UnityEngine.Debug:Log (object)
NivelMapaSO:OnValidate () (at Assets/Scripts/Mapa/NivelMapaSO.cs:99)

(Filename: Assets/Scripts/Mapa/NivelMapaSO.cs Line: 99)

No NivelDoMapa_1 : Sem modelo de sala NodeTipoSala_SalaMaior encontrado para os nós dos grafos RoomNodeGraph_Mapa1
UnityEngine.StackTraceUtility:ExtractStackTrace ()
UnityEngine.DebugLogHandler:LogFormat (UnityEngine.LogType,UnityEngine.Object,string,object[])
UnityEngine.Logger:Log (UnityEngine.LogType,object)
UnityEngine.Debug:Log (object)
NivelMapaSO:OnValidate () (at Assets/Scripts/Mapa/NivelMapaSO.cs:99)

(Filename: Assets/Scripts/Mapa/NivelMapaSO.cs Line: 99)

No NivelDoMapa_1 : Sem modelo de sala NodeTipoSala_SalaBau encontrado para os nós dos grafos RoomNodeGraph_Mapa1
UnityEngine.StackTraceUtility:ExtractStackTrace ()
UnityEngine.DebugLogHandler:LogFormat (UnityEngine.LogType,UnityEngine.Object,string,object[])
UnityEngine.Logger:Log (UnityEngine.LogType,object)
UnityEngine.Debug:Log (object)
NivelMapaSO:OnValidate () (at Assets/Scripts/Mapa/NivelMapaSO.cs:99)

(Filename: Assets/Scripts/Mapa/NivelMapaSO.cs Line: 99)

No NivelDoMapa_1 : Sem modelo de sala NodeTipoSala_SalaMedia encontrado para os nós dos grafos RoomNodeGraph_Mapa1
UnityEngine.StackTraceUtility:ExtractStackTrace ()
UnityEngine.DebugLogHandler:LogFormat (UnityEngine.LogType,UnityEngine.Object,string,object[])
UnityEngine.Logger:Log (UnityEngine.LogType,object)
UnityEngine.Debug:Log (object)
NivelMapaSO:OnValidate () (at Assets/Scripts/Mapa/NivelMapaSO.cs:99)

(Filename: Assets/Scripts/Mapa/NivelMapaSO.cs Line: 99)

No NivelDoMapa_1 : Sem modelo de sala NodeTipoSala_SalaMedia encontrado para os nós dos grafos RoomNodeGraph_Mapa1
UnityEngine.StackTraceUtility:ExtractStackTrace ()
UnityEngine.DebugLogHandler:LogFormat (UnityEngine.LogType,UnityEngine.Object,string,object[])
UnityEngine.Logger:Log (UnityEngine.LogType,object)
UnityEngine.Debug:Log (object)
NivelMapaSO:OnValidate () (at Assets/Scripts/Mapa/NivelMapaSO.cs:99)

(Filename: Assets/Scripts/Mapa/NivelMapaSO.cs Line: 99)

No NivelDoMapa_1 : Sem modelo de sala NodeTipoSala_SalaMaior encontrado para os nós dos grafos RoomNodeGraph_Mapa1
UnityEngine.StackTraceUtility:ExtractStackTrace ()
UnityEngine.DebugLogHandler:LogFormat (UnityEngine.LogType,UnityEngine.Object,string,object[])
UnityEngine.Logger:Log (UnityEngine.LogType,object)
UnityEngine.Debug:Log (object)
NivelMapaSO:OnValidate () (at Assets/Scripts/Mapa/NivelMapaSO.cs:99)

(Filename: Assets/Scripts/Mapa/NivelMapaSO.cs Line: 99)

No NivelDoMapa_1 : Sem modelo de sala NodeTipoSala_SalaMaior encontrado para os nós dos grafos RoomNodeGraph_Mapa1
UnityEngine.StackTraceUtility:ExtractStackTrace ()
UnityEngine.DebugLogHandler:LogFormat (UnityEngine.LogType,UnityEngine.Object,string,object[])
UnityEngine.Logger:Log (UnityEngine.LogType,object)
UnityEngine.Debug:Log (object)
NivelMapaSO:OnValidate () (at Assets/Scripts/Mapa/NivelMapaSO.cs:99)

(Filename: Assets/Scripts/Mapa/NivelMapaSO.cs Line: 99)

No NivelDoMapa_1 : Sem modelo de sala NodeTipoSala_SalaBoss encontrado para os nós dos grafos RoomNodeGraph_Mapa1
UnityEngine.StackTraceUtility:ExtractStackTrace ()
UnityEngine.DebugLogHandler:LogFormat (UnityEngine.LogType,UnityEngine.Object,string,object[])
UnityEngine.Logger:Log (UnityEngine.LogType,object)
UnityEngine.Debug:Log (object)
NivelMapaSO:OnValidate () (at Assets/Scripts/Mapa/NivelMapaSO.cs:99)

(Filename: Assets/Scripts/Mapa/NivelMapaSO.cs Line: 99)

No NivelDoMapa_1 : Sem modelo de sala NodeTipoSala_SalaBau encontrado para os nós dos grafos RoomNodeGraph_Mapa1
UnityEngine.StackTraceUtility:ExtractStackTrace ()
UnityEngine.DebugLogHandler:LogFormat (UnityEngine.LogType,UnityEngine.Object,string,object[])
UnityEngine.Logger:Log (UnityEngine.LogType,object)
UnityEngine.Debug:Log (object)
NivelMapaSO:OnValidate () (at Assets/Scripts/Mapa/NivelMapaSO.cs:99)

(Filename: Assets/Scripts/Mapa/NivelMapaSO.cs Line: 99)

 -> (artifact id: '2b0ddb6ca73a19289b0c08a365970550') in 0.012481 seconds
Number of updated asset objects reloaded before import = 0
Number of asset objects unloaded after import = 186
========================================================================
Received Import Request.
  Time since last request: 43.111304 seconds.
  path: Assets/ScriptableObjectsAssets/Mapa/MapaRoomNodeTypes/NodeTipoSala_CorredoNS.asset
  artifactKey: Guid(0d3e574b89fa15f4f8145f9160cd6d40) Importer(815301076,1909f56bfc062723c751e8b465ee728b)
Start importing Assets/ScriptableObjectsAssets/Mapa/MapaRoomNodeTypes/NodeTipoSala_CorredoNS.asset using Guid(0d3e574b89fa15f4f8145f9160cd6d40) Importer(815301076,1909f56bfc062723c751e8b465ee728b) [PhysX] Initialized MultithreadedTaskDispatcher with 12 workers.
 -> (artifact id: '8b6de8e3ebfc7c2e16ea2a1285a3bc17') in 0.001151 seconds
Number of updated asset objects reloaded before import = 0
Number of asset objects unloaded after import = 1
========================================================================
Received Import Request.
  Time since last request: 0.500050 seconds.
  path: Assets/ScriptableObjectsAssets/Mapa/MapaRoomNodeTypes/NodeTipoSala_None.asset
  artifactKey: Guid(1cf91c3b97f69524d83700c7a01b55a8) Importer(815301076,1909f56bfc062723c751e8b465ee728b)
Start importing Assets/ScriptableObjectsAssets/Mapa/MapaRoomNodeTypes/NodeTipoSala_None.asset using Guid(1cf91c3b97f69524d83700c7a01b55a8) Importer(815301076,1909f56bfc062723c751e8b465ee728b) [PhysX] Initialized MultithreadedTaskDispatcher with 12 workers.
 -> (artifact id: '6843c91b7ab70af877bd7cbd72a99eea') in 0.001570 seconds
Number of updated asset objects reloaded before import = 0
Number of asset objects unloaded after import = 1
========================================================================
Received Import Request.
  Time since last request: 0.000020 seconds.
  path: Assets/ScriptableObjectsAssets/Mapa/MapaRoomNodeTypes/NodeTipoSala_SalaBau.asset
  artifactKey: Guid(f04f4db1492b1d34e951705cfa06a839) Importer(815301076,1909f56bfc062723c751e8b465ee728b)
Start importing Assets/ScriptableObjectsAssets/Mapa/MapaRoomNodeTypes/NodeTipoSala_SalaBau.asset using Guid(f04f4db1492b1d34e951705cfa06a839) Importer(815301076,1909f56bfc062723c751e8b465ee728b) [PhysX] Initialized MultithreadedTaskDispatcher with 12 workers.
 -> (artifact id: '99ac8dd15cc5f33302170875fe44d03c') in 0.001429 seconds
Number of updated asset objects reloaded before import = 0
Number of asset objects unloaded after import = 1
========================================================================
Received Import Request.
  Time since last request: 0.000020 seconds.
  path: Assets/ScriptableObjectsAssets/Mapa/MapaRoomNodeTypes/NodeTipoSala_SalaMedia.asset
  artifactKey: Guid(a6c1b9f60f692a3469ecd27818ea0ab4) Importer(815301076,1909f56bfc062723c751e8b465ee728b)
Start importing Assets/ScriptableObjectsAssets/Mapa/MapaRoomNodeTypes/NodeTipoSala_SalaMedia.asset using Guid(a6c1b9f60f692a3469ecd27818ea0ab4) Importer(815301076,1909f56bfc062723c751e8b465ee728b) [PhysX] Initialized MultithreadedTaskDispatcher with 12 workers.
 -> (artifact id: '12f575449e59466cbc99b071bc62b30a') in 0.001135 seconds
Number of updated asset objects reloaded before import = 0
Number of asset objects unloaded after import = 1
========================================================================
Received Import Request.
  Time since last request: 0.000019 seconds.
  path: Assets/ScriptableObjectsAssets/Mapa/MapaRoomNodeTypes/NodeTipoSala_SalaBoss.asset
  artifactKey: Guid(1f104f38a509cac4b8c9711cfdc3f00d) Importer(815301076,1909f56bfc062723c751e8b465ee728b)
Start importing Assets/ScriptableObjectsAssets/Mapa/MapaRoomNodeTypes/NodeTipoSala_SalaBoss.asset using Guid(1f104f38a509cac4b8c9711cfdc3f00d) Importer(815301076,1909f56bfc062723c751e8b465ee728b) [PhysX] Initialized MultithreadedTaskDispatcher with 12 workers.
 -> (artifact id: 'af265d8e7a3229147fa67704ee95c6ea') in 0.001055 seconds
Number of updated asset objects reloaded before import = 0
Number of asset objects unloaded after import = 1
Editor requested this worker to shutdown with reason: Scaling down because of idle timeout
TcpMessagingSession - receive error: operation aborted. errorcode: 995, details: A operao de E/S foi anulada devido a uma sada de thread ou a uma requisio de aplicativo.
AssetImportWorker is now disconnected from the server
Process exiting
Exiting without the bug reporter. Application will terminate with return code 0